0 info it worked if it ends with ok
1 verbose cli [ '/home/groberts/.nvm/versions/node/v6.14.1/bin/node',
1 verbose cli   '/home/groberts/.nvm/versions/node/v6.14.1/bin/npm',
1 verbose cli   'run',
1 verbose cli   'build' ]
2 info using npm@3.10.10
3 info using node@v6.14.1
4 verbose run-script [ 'prebuild', 'build', 'postbuild' ]
5 info lifecycle @slnsw/react-ts-media-player@0.0.1~prebuild: @slnsw/react-ts-media-player@0.0.1
6 silly lifecycle @slnsw/react-ts-media-player@0.0.1~prebuild: no script for prebuild, continuing
7 info lifecycle @slnsw/react-ts-media-player@0.0.1~build: @slnsw/react-ts-media-player@0.0.1
8 verbose lifecycle @slnsw/react-ts-media-player@0.0.1~build: unsafe-perm in lifecycle true
9 verbose lifecycle @slnsw/react-ts-media-player@0.0.1~build: PATH: /home/groberts/.nvm/versions/node/v6.14.1/lib/node_modules/npm/bin/node-gyp-bin:/home/groberts/Projects/react-media-player/node_modules/.bin:/home/groberts/.nvm/versions/node/v6.14.1/bin:/home/groberts/.rbenv/shims:/home/groberts/.rbenv/bin:/home/groberts/bin/dc-release-scripts:/home/groberts/.composer/vendor/bin:/home/groberts/bin:/home/groberts/.cargo/bin:/home/groberts/bin:/usr/local/sbin:/usr/local/bin:/usr/sbin:/usr/bin:/sbin:/bin:/usr/games:/usr/local/games:/snap/bin:/home/groberts/.composer/vendor/bin:/home/groberts/deploy/dc_build/scripts
10 verbose lifecycle @slnsw/react-ts-media-player@0.0.1~build: CWD: /home/groberts/Projects/react-media-player
11 silly lifecycle @slnsw/react-ts-media-player@0.0.1~build: Args: [ '-c', 'tsdx build' ]
12 silly lifecycle @slnsw/react-ts-media-player@0.0.1~build: Returned: code: 1  signal: null
13 info lifecycle @slnsw/react-ts-media-player@0.0.1~build: Failed to exec build script
14 verbose stack Error: @slnsw/react-ts-media-player@0.0.1 build: `tsdx build`
14 verbose stack Exit status 1
14 verbose stack     at EventEmitter.<anonymous> (/home/groberts/.nvm/versions/node/v6.14.1/lib/node_modules/npm/lib/utils/lifecycle.js:255:16)
14 verbose stack     at emitTwo (events.js:106:13)
14 verbose stack     at EventEmitter.emit (events.js:191:7)
14 verbose stack     at ChildProcess.<anonymous> (/home/groberts/.nvm/versions/node/v6.14.1/lib/node_modules/npm/lib/utils/spawn.js:40:14)
14 verbose stack     at emitTwo (events.js:106:13)
14 verbose stack     at ChildProcess.emit (events.js:191:7)
14 verbose stack     at maybeClose (internal/child_process.js:920:16)
14 verbose stack     at Process.ChildProcess._handle.onexit (internal/child_process.js:230:5)
15 verbose pkgid @slnsw/react-ts-media-player@0.0.1
16 verbose cwd /home/groberts/Projects/react-media-player
17 error Linux 4.15.0-65-generic
18 error argv "/home/groberts/.nvm/versions/node/v6.14.1/bin/node" "/home/groberts/.nvm/versions/node/v6.14.1/bin/npm" "run" "build"
19 error node v6.14.1
20 error npm  v3.10.10
21 error code ELIFECYCLE
22 error @slnsw/react-ts-media-player@0.0.1 build: `tsdx build`
22 error Exit status 1
23 error Failed at the @slnsw/react-ts-media-player@0.0.1 build script 'tsdx build'.
23 error Make sure you have the latest version of node.js and npm installed.
23 error If you do, this is most likely a problem with the @slnsw/react-ts-media-player package,
23 error not with npm itself.
23 error Tell the author that this fails on your system:
23 error     tsdx build
23 error You can get information on how to open an issue for this project with:
23 error     npm bugs @slnsw/react-ts-media-player
23 error Or if that isn't available, you can get their info via:
23 error     npm owner ls @slnsw/react-ts-media-player
23 error There is likely additional logging output above.
24 verbose exit [ 1, true ]
